  tinyxml2.cpp
  main.cpp
C:\Users\fgutierrez\source\repos\FedericoGutierrezS\WhittedRT\main.cpp(114,159): warning C4244: 'argumento': conversión de 'float' a 'int'; posible pérdida de datos
C:\Users\fgutierrez\source\repos\FedericoGutierrezS\WhittedRT\main.cpp(114,120): warning C4244: 'argumento': conversión de 'float' a 'int'; posible pérdida de datos
C:\Users\fgutierrez\source\repos\FedericoGutierrezS\WhittedRT\main.cpp(114,84): warning C4244: 'argumento': conversión de 'float' a 'int'; posible pérdida de datos
C:\Users\fgutierrez\source\repos\FedericoGutierrezS\WhittedRT\main.cpp(114,46): warning C4244: 'argumento': conversión de 'float' a 'int'; posible pérdida de datos
C:\Users\fgutierrez\source\repos\FedericoGutierrezS\WhittedRT\main.cpp(221,53): warning C4244: 'argumento': conversión de 'float' a 'int'; posible pérdida de datos
C:\Users\fgutierrez\source\repos\FedericoGutierrezS\WhittedRT\main.cpp(221,43): warning C4244: 'argumento': conversión de 'float' a 'int'; posible pérdida de datos
C:\Users\fgutierrez\source\repos\FedericoGutierrezS\WhittedRT\main.cpp(234,22): warning C4244: '=': conversión de 'double' a 'float'; posible pérdida de datos
C:\Users\fgutierrez\source\repos\FedericoGutierrezS\WhittedRT\main.cpp(237,24): warning C4244: '=': conversión de 'float' a 'BYTE'; posible pérdida de datos
C:\Users\fgutierrez\source\repos\FedericoGutierrezS\WhittedRT\main.cpp(238,26): warning C4244: '=': conversión de 'float' a 'BYTE'; posible pérdida de datos
C:\Users\fgutierrez\source\repos\FedericoGutierrezS\WhittedRT\main.cpp(239,25): warning C4244: '=': conversión de 'float' a 'BYTE'; posible pérdida de datos
  cylinder.cpp
C:\Users\fgutierrez\source\repos\FedericoGutierrezS\WhittedRT\OpenGL-basico\cylinder.cpp(8,20): warning C4305: 'inicializando': truncamiento de 'double' a 'float'
C:\Users\fgutierrez\source\repos\FedericoGutierrezS\WhittedRT\OpenGL-basico\cylinder.cpp(9,10): warning C4244: 'inicializando': conversión de 'double' a 'float'; posible pérdida de datos
C:\Users\fgutierrez\source\repos\FedericoGutierrezS\WhittedRT\OpenGL-basico\cylinder.cpp(11,10): warning C4244: 'inicializando': conversión de 'double' a 'float'; posible pérdida de datos
C:\Users\fgutierrez\source\repos\FedericoGutierrezS\WhittedRT\OpenGL-basico\cylinder.cpp(14,43): warning C4244: '=': conversión de 'double' a 'float'; posible pérdida de datos
C:\Users\fgutierrez\source\repos\FedericoGutierrezS\WhittedRT\OpenGL-basico\cylinder.cpp(15,43): warning C4244: '=': conversión de 'double' a 'float'; posible pérdida de datos
C:\Users\fgutierrez\source\repos\FedericoGutierrezS\WhittedRT\OpenGL-basico\cylinder.cpp(6): fatal  error C1075: "{": no se encontró ningún token coincidente
  ColeccionObjetos.cpp
  plane.cpp
  sphere.cpp
C:\Users\fgutierrez\source\repos\FedericoGutierrezS\WhittedRT\OpenGL-basico\sphere.cpp(6,14): warning C4244: 'inicializando': conversión de 'double' a 'float'; posible pérdida de datos
  triangle.cpp
  util.cpp
C:\Users\fgutierrez\source\repos\FedericoGutierrezS\WhittedRT\OpenGL-basico\util.cpp(32,13): warning C4244: 'return': conversión de 'double' a 'float'; posible pérdida de datos
C:\Users\fgutierrez\source\repos\FedericoGutierrezS\WhittedRT\OpenGL-basico\util.cpp(66,13): warning C4244: 'return': conversión de 'double' a 'float'; posible pérdida de datos
  Generando código...
