  main.cpp
C:\Users\fgutierrez\source\repos\FedericoGutierrezS\WhittedRT\main.cpp(113,32): warning C4305: 'argumento': truncamiento de 'double' a 'float'
C:\Users\fgutierrez\source\repos\FedericoGutierrezS\WhittedRT\main.cpp(114,31): warning C4305: 'argumento': truncamiento de 'double' a 'float'
C:\Users\fgutierrez\source\repos\FedericoGutierrezS\WhittedRT\main.cpp(126,78): warning C4244: 'argumento': conversión de 'double' a 'float'; posible pérdida de datos
C:\Users\fgutierrez\source\repos\FedericoGutierrezS\WhittedRT\main.cpp(127,68): warning C4244: 'argumento': conversión de 'double' a 'float'; posible pérdida de datos
C:\Users\fgutierrez\source\repos\FedericoGutierrezS\WhittedRT\main.cpp(133,14): warning C4244: 'inicializando': conversión de 'const _Ty' a 'float'; posible pérdida de datos
          with
          [
              _Ty=double
          ]
C:\Users\fgutierrez\source\repos\FedericoGutierrezS\WhittedRT\main.cpp(151,52): warning C4305: 'argumento': truncamiento de 'double' a 'float'
C:\Users\fgutierrez\source\repos\FedericoGutierrezS\WhittedRT\main.cpp(152,51): warning C4305: 'argumento': truncamiento de 'double' a 'float'
C:\Users\fgutierrez\source\repos\FedericoGutierrezS\WhittedRT\main.cpp(163,23): warning C4305: 'inicializando': truncamiento de 'double' a 'float'
C:\Users\fgutierrez\source\repos\FedericoGutierrezS\WhittedRT\main.cpp(170,52): warning C4305: 'argumento': truncamiento de 'double' a 'float'
C:\Users\fgutierrez\source\repos\FedericoGutierrezS\WhittedRT\main.cpp(171,51): warning C4305: 'argumento': truncamiento de 'double' a 'float'
C:\Users\fgutierrez\source\repos\FedericoGutierrezS\WhittedRT\main.cpp(239,193): warning C4244: 'argumento': conversión de 'float' a 'int'; posible pérdida de datos
C:\Users\fgutierrez\source\repos\FedericoGutierrezS\WhittedRT\main.cpp(239,159): warning C4244: 'argumento': conversión de 'float' a 'int'; posible pérdida de datos
C:\Users\fgutierrez\source\repos\FedericoGutierrezS\WhittedRT\main.cpp(239,120): warning C4244: 'argumento': conversión de 'float' a 'int'; posible pérdida de datos
C:\Users\fgutierrez\source\repos\FedericoGutierrezS\WhittedRT\main.cpp(239,84): warning C4244: 'argumento': conversión de 'float' a 'int'; posible pérdida de datos
C:\Users\fgutierrez\source\repos\FedericoGutierrezS\WhittedRT\main.cpp(239,46): warning C4244: 'argumento': conversión de 'float' a 'int'; posible pérdida de datos
C:\Users\fgutierrez\source\repos\FedericoGutierrezS\WhittedRT\main.cpp(245,54): warning C4244: '=': conversión de 'double' a 'float'; posible pérdida de datos
C:\Users\fgutierrez\source\repos\FedericoGutierrezS\WhittedRT\main.cpp(373,53): warning C4244: 'argumento': conversión de 'float' a 'int'; posible pérdida de datos
C:\Users\fgutierrez\source\repos\FedericoGutierrezS\WhittedRT\main.cpp(373,43): warning C4244: 'argumento': conversión de 'float' a 'int'; posible pérdida de datos
C:\Users\fgutierrez\source\repos\FedericoGutierrezS\WhittedRT\main.cpp(374,57): warning C4244: 'argumento': conversión de 'float' a 'int'; posible pérdida de datos
C:\Users\fgutierrez\source\repos\FedericoGutierrezS\WhittedRT\main.cpp(374,47): warning C4244: 'argumento': conversión de 'float' a 'int'; posible pérdida de datos
C:\Users\fgutierrez\source\repos\FedericoGutierrezS\WhittedRT\main.cpp(375,57): warning C4244: 'argumento': conversión de 'float' a 'int'; posible pérdida de datos
C:\Users\fgutierrez\source\repos\FedericoGutierrezS\WhittedRT\main.cpp(375,47): warning C4244: 'argumento': conversión de 'float' a 'int'; posible pérdida de datos
C:\Users\fgutierrez\source\repos\FedericoGutierrezS\WhittedRT\main.cpp(390,13): warning C4244: 'inicializando': conversión de 'double' a 'float'; posible pérdida de datos
C:\Users\fgutierrez\source\repos\FedericoGutierrezS\WhittedRT\main.cpp(391,13): warning C4244: 'inicializando': conversión de 'double' a 'float'; posible pérdida de datos
C:\Users\fgutierrez\source\repos\FedericoGutierrezS\WhittedRT\main.cpp(392,13): warning C4244: 'inicializando': conversión de 'double' a 'float'; posible pérdida de datos
C:\Users\fgutierrez\source\repos\FedericoGutierrezS\WhittedRT\main.cpp(397,111): warning C4244: 'argumento': conversión de 'double' a 'float'; posible pérdida de datos
C:\Users\fgutierrez\source\repos\FedericoGutierrezS\WhittedRT\main.cpp(397,83): warning C4244: 'argumento': conversión de 'double' a 'float'; posible pérdida de datos
C:\Users\fgutierrez\source\repos\FedericoGutierrezS\WhittedRT\main.cpp(399,115): warning C4244: 'argumento': conversión de 'double' a 'float'; posible pérdida de datos
C:\Users\fgutierrez\source\repos\FedericoGutierrezS\WhittedRT\main.cpp(399,86): warning C4244: 'argumento': conversión de 'double' a 'float'; posible pérdida de datos
C:\Users\fgutierrez\source\repos\FedericoGutierrezS\WhittedRT\main.cpp(401,62): warning C4305: 'argumento': truncamiento de 'double' a 'float'
C:\Users\fgutierrez\source\repos\FedericoGutierrezS\WhittedRT\main.cpp(401,92): warning C4305: 'argumento': truncamiento de 'double' a 'float'
C:\Users\fgutierrez\source\repos\FedericoGutierrezS\WhittedRT\main.cpp(401,123): warning C4305: 'argumento': truncamiento de 'double' a 'float'
C:\Users\fgutierrez\source\repos\FedericoGutierrezS\WhittedRT\main.cpp(402,24): warning C4244: '=': conversión de 'float' a 'BYTE'; posible pérdida de datos
C:\Users\fgutierrez\source\repos\FedericoGutierrezS\WhittedRT\main.cpp(403,26): warning C4244: '=': conversión de 'float' a 'BYTE'; posible pérdida de datos
C:\Users\fgutierrez\source\repos\FedericoGutierrezS\WhittedRT\main.cpp(404,25): warning C4244: '=': conversión de 'float' a 'BYTE'; posible pérdida de datos
C:\Users\fgutierrez\source\repos\FedericoGutierrezS\WhittedRT\main.cpp(406,28): warning C4244: '=': conversión de 'float' a 'BYTE'; posible pérdida de datos
C:\Users\fgutierrez\source\repos\FedericoGutierrezS\WhittedRT\main.cpp(407,30): warning C4244: '=': conversión de 'float' a 'BYTE'; posible pérdida de datos
C:\Users\fgutierrez\source\repos\FedericoGutierrezS\WhittedRT\main.cpp(408,29): warning C4244: '=': conversión de 'float' a 'BYTE'; posible pérdida de datos
C:\Users\fgutierrez\source\repos\FedericoGutierrezS\WhittedRT\main.cpp(410,28): warning C4244: '=': conversión de 'float' a 'BYTE'; posible pérdida de datos
C:\Users\fgutierrez\source\repos\FedericoGutierrezS\WhittedRT\main.cpp(411,30): warning C4244: '=': conversión de 'float' a 'BYTE'; posible pérdida de datos
C:\Users\fgutierrez\source\repos\FedericoGutierrezS\WhittedRT\main.cpp(412,29): warning C4244: '=': conversión de 'float' a 'BYTE'; posible pérdida de datos
  Generando código
  1 of 1186 functions (<0.1%) were compiled, the rest were copied from previous compilation.
    0 functions were new in current compilation
    2 functions had inline decision re-evaluated but remain unchanged
  Generación de código finalizada
  OpenGL-basico.vcxproj -> C:\Users\fgutierrez\Source\Repos\FedericoGutierrezS\WhittedRT\Release\OpenGL-basico.exe
